Arguments: 
  /home/ganymede/.nvm/versions/node/v16.13.0/bin/node /home/ganymede/.nvm/versions/node/v16.13.0/bin/yarn

PATH: 
  /home/ganymede/.vscode-server/bin/899d46d82c4c95423fb7e10e68eba52050e30ba3/bin:/home/ganymede/.nvm/versions/node/v16.13.0/bin:/usr/local/sbin:/usr/local/bin:/usr/sbin:/usr/bin:/sbin:/bin:/usr/games:/usr/local/games:/usr/lib/wsl/lib:/mnt/c/windows/system32:/mnt/c/windows:/mnt/c/windows/system32/wbem:/mnt/c/windows/system32/windowspowershell/v1.0/:/mnt/c/windows/system32/openssh/:/mnt/c/programdata/chocolatey/bin:/mnt/c/program files/git/cmd:/mnt/c/program files/microsoft vs code/bin:/mnt/c/program files/dotnet/:/mnt/c/program files (x86)/dotnet/:/mnt/c/tools/bcurran3:/mnt/c/program files/microsoft vs code/bin:/mnt/c/program files/git/cmd:/mnt/c/program files/microsoft vs code/bin:/mnt/c/program files/docker/docker/resources/bin:/mnt/c/programdata/dockerdesktop/version-bin:/mnt/c/program files (x86)/gitextensions/:/mnt/c/program files/microsoft vs code/bin:/mnt/c/program files/docker/docker/resources/bin:/mnt/c/programdata/dockerdesktop/version-bin:/mnt/c/program files/git/cmd:/mnt/c/program files/microsoft vs code/bin:/mnt/c/program files/docker/docker/resources/bin:/mnt/c/programdata/dockerdesktop/version-bin:/mnt/c/program files/git/cmd:/mnt/c/Program Files (x86)/NVIDIA Corporation/PhysX/Common:/mnt/c/Program Files/Git/cmd:/mnt/c/Program Files/Microsoft VS Code/bin:/mnt/c/Program Files/Docker/Docker/resources/bin:/mnt/c/ProgramData/DockerDesktop/version-bin:/mnt/c/Users/Cyaxeres/AppData/Local/Microsoft/WindowsApps:/mnt/c/Program Files (x86)/GitHub CLI/:/mnt/c/Program Files/kdiff3:/mnt/c/Users/Cyaxeres/AppData/Local/Programs/Hyper/resources/bin

Yarn version: 
  1.22.17

Node version: 
  16.13.0

Platform: 
  linux x64

Trace: 
  Error: connect EHOSTUNREACH 104.16.22.35:443
      at TCPConnectWrap.afterConnect [as oncomplete] (node:net:1161:16)

npm manifest: 
  {
  	"name": "lootlarp",
  	"version": "1.0.0",
  	"description": "LootLARP NFT repository",
  	"directories": {
  		"test": "test"
  	},
  	"scripts": {
  		"test": "hardhat test"
  	},
  	"repository": {
  		"type": "git",
  		"url": "git+https://github.com/nitegeist/lootlarp"
  	},
  	"keywords": [
  		"nft",
  		"ethereum",
  		"solidity"
  	],
  	"author": "@nitegeist + @carlfarterson",
  	"license": "MIT",
  	"bugs": {
  		"url": "https://github.com/nomiclabs/hardhat-hackathon-boilerplate/issues"
  	},
  	"homepage": "https://github.com/nomiclabs/hardhat-hackathon-boilerplate#readme",
  	"devDependencies": {
  		"@nomiclabs/hardhat-ethers": "^2.0.0",
  		"@nomiclabs/hardhat-waffle": "^2.0.0",
  		"chai": "^4.2.0",
  		"ethereum-waffle": "^3.1.1",
  		"ethers": "^5.0.0",
  		"hardhat": "^2.0.4",
  		"husky": "^4.2.5",
  		"merkletreejs": "^0.2.24"
  	},
  	"dependencies": {
  		"@openzeppelin/contracts": "^4.3.3",
  		"@nomiclabs/hardhat-etherscan": "^2.1.8",
  		"dotenv": "^10.0.0",
  		"hardhat-abi-exporter": "^2.3.1"
  	}
  }

yarn manifest: 
  No manifest

Lockfile: 
  # THIS IS AN AUTOGENERATED FILE. DO NOT EDIT THIS FILE DIRECTLY.
  # yarn lockfile v1
